
> materials-ui@0.1.0 build
> next build

  Γû▓ Next.js 14.2.35

   Creating an optimized production build ...
node.exe : Failed to 
compile.
At C:\nvm4w\nodejs\npm.
ps1:29 char:3
+   & $NODE_EXE 
$NPM_CLI_JS $args
+   ~~~~~~~~~~~~~~~~~~~
~~~~~~~~~~
    + CategoryInfo     
         : NotSpecifi  
  ed: (Failed to com   
 pile.:String) [],     
RemoteException
    + FullyQualifiedEr 
   rorId : NativeComm  
  andError
 

./app/dashboard/sales/p
age.tsx
Module not found: 
Can't resolve 'jspdf'

https://nextjs.org/docs
/messages/module-not-fo
und

./components/features/P
dfSecureViewer.tsx
Module not found: 
Can't resolve 
'react-pdf'

https://nextjs.org/docs
/messages/module-not-fo
und

Import trace for 
requested module:
./components/features/V
aultViewer.tsx

./components/ui/badge.t
sx
Module not found: 
Can't resolve 'class-va
riance-authority'

https://nextjs.org/docs
/messages/module-not-fo
und

Import trace for 
requested module:
./app/dashboard/package
s/page.tsx

./components/ui/button.
tsx
Module not found: 
Can't resolve 
'@radix-ui/react-slot'

https://nextjs.org/docs
/messages/module-not-fo
und

Import trace for 
requested module:
./app/dashboard/package
s/page.tsx

./components/ui/button.
tsx
Module not found: 
Can't resolve 'class-va
riance-authority'

https://nextjs.org/docs
/messages/module-not-fo
und

Import trace for 
requested module:
./app/dashboard/package
s/page.tsx


> Build failed because 
of webpack errors
