
> materials-ui@0.1.0 build
> next build

  Γû▓ Next.js 14.2.35

   Creating an optimized production build ...
node.exe : Failed to 
compile.
At C:\nvm4w\nodejs\npm.
ps1:29 char:3
+   & $NODE_EXE 
$NPM_CLI_JS $args
+   ~~~~~~~~~~~~~~~~~~~
~~~~~~~~~~
    + CategoryInfo     
         : 
NotSpecified    : 
(Failed to compil    
e.:String) [], Remo    
teException
    + 
FullyQualifiedErr    
orId : NativeComman    
dError
 

./app/dashboard/admin-m
aterials/page.tsx
Error: 
  [31mx[0m Expected 
',', got 'error'
    ,-[[36;1;4mE:\mate
rials-ui\app\dashboard\
admin-materials\page.ts
x[0m:53:1]
 [2m53[0m |          
   setMaterials(respons
e.data)
 [2m54[0m |         
} catch (error) {
 [2m55[0m |          
   
console.error("Failed 
to fetch materials", 
error)
 [2m56[0m |          
   showToast("Failed 
to scan asset 
inventory&quot;, 
"error")
    : [31;1m          
                       
                       
      ^^^^^[0m
 [2m57[0m |         
} finally {
 [2m58[0m |          
   setIsLoading(false)
 [2m58[0m |         }
    `----

Caused by:
    Syntax Error

Import trace for 
requested module:
./app/dashboard/admin-m
aterials/page.tsx


> Build failed because 
of webpack errors
